[nonfungiblecrib.my.canva.site/index.html]
[backblue.gif]
[fade.gif]
[index.html]
[nonfungiblecrib.my.canva.site/a0684b0780c739e9.vendor.ltr.css]
[nonfungiblecrib.my.canva.site/3fb7aa80ff4ac209.ltr.css]
[nonfungiblecrib.my.canva.site/static_font_4.ltr.css]
[nonfungiblecrib.my.canva.site/024eb4f3327d2f0f.strings.js]
[nonfungiblecrib.my.canva.site/61f59f93edc009d9.en.js]
[nonfungiblecrib.my.canva.site/c0eafa81c2e16c3d.runtime.js]
[nonfungiblecrib.my.canva.site/8bf99e1463b687f7.vendor.js]
[nonfungiblecrib.my.canva.site/d804d847f5d321a3.vendor.js]
[nonfungiblecrib.my.canva.site/62bae1f666b7ff84.js]
[nonfungiblecrib.my.canva.site/images/2d0b56e7e51cf11036ad8734bdb67e2d.png]
[nonfungiblecrib.my.canva.site/images/e53c4bd8da5e491d9ab09e7cf0daf874.png]
[nonfungiblecrib.my.canva.site/images/725b756a69a7d4c235070e51acd85560.png]
[nonfungiblecrib.my.canva.site/media/72b99e4883e0ca9ffeabfc4f8b0088f0.svg]
[nonfungiblecrib.my.canva.site/media/8f01158f89d431287837376c4075d1ae.jpg]
[nonfungiblecrib.my.canva.site/media/9962989fc5dd6ff6bfcfb90eacd3265b.jpg]
[nonfungiblecrib.my.canva.site/media/ccbfc49e76ec13d5081482dbedfd88c2.jpg]
[nonfungiblecrib.my.canva.site/media/cae88880383bc2396a83d297832bbe23.jpg]
[nonfungiblecrib.my.canva.site/media/6b4f46663f16c7818a53816defd735e6.jpg]
[nonfungiblecrib.my.canva.site/media/ed298192d8b3b3e61aab181b44783190.svg]
[nonfungiblecrib.my.canva.site/media/96ad1eea7d6724cba3feaa40a80c3d2e.jpg]
[nonfungiblecrib.my.canva.site/media/c94c52a78ff29f4546eabfad4059e7a7.svg]
[nonfungiblecrib.my.canva.site/media/73d65eb9afe3d916d0999d64d9236d06.svg]
[nonfungiblecrib.my.canva.site/media/3acbf7152d571100f63c8e926f655d9e.svg]
[nonfungiblecrib.my.canva.site/media/13331b0adb5f8c10060af1b0d711335d.jpg]
[nonfungiblecrib.my.canva.site/media/8b511a626d33259e54394e909b6b4896.jpg]
[nonfungiblecrib.my.canva.site/media/f5f7e7f265eda938d0d5b398ec26a6a7.jpg]
[nonfungiblecrib.my.canva.site/media/4e556d04e1050841d847322fbf265b91.jpg]
[nonfungiblecrib.my.canva.site/media/e92e690adf34e45e2a166e7d9d410bd7.jpg]
[nonfungiblecrib.my.canva.site/media/226544abf6778867b1e9e166a36a669b.png]
[nonfungiblecrib.my.canva.site/media/4a52266cb8b7af5dba3315ac1adb3b52.jpg]
[nonfungiblecrib.my.canva.site/media/4aea6bb73637693ded747dc62408eb3a.jpg]
[nonfungiblecrib.my.canva.site/media/fccf28a4396a74f8fed603ceddd7bd14.jpg]
[nonfungiblecrib.my.canva.site/media/a47653534913038cec3edd00fae763ad.svg]
[nonfungiblecrib.my.canva.site/media/78cf10fbd5d848019c8cf13f36320492.jpg]
[nonfungiblecrib.my.canva.site/media/6aaea7001403380c4e80fec2304c5a94.jpg]
[nonfungiblecrib.my.canva.site/media/262d2017dc0558e09d99dbd34e7a3a5b.jpg]
[nonfungiblecrib.my.canva.site/media/c63bd1d85e60beefbfc32f6391fe35e1.png]
[nonfungiblecrib.my.canva.site/media/a2842f583b94a2c09a4d33976e081f3b.svg]
[nonfungiblecrib.my.canva.site/media/770ade2fd7e679dda40c3e80ee931815.jpg]
[nonfungiblecrib.my.canva.site/media/0a16bba9a02ab6914e221569a2f4f972.svg]
[nonfungiblecrib.my.canva.site/media/53ff71564d6e1f3cfa1365e70e94e276.jpg]
[nonfungiblecrib.my.canva.site/media/8bd9a4a98338970a433050b9cd828ffc.svg]
[nonfungiblecrib.my.canva.site/media/4d0de72f0d88dfaeeb14c608a6575f5c.jpg]
[nonfungiblecrib.my.canva.site/media/0b5b7373665906b4d0bd76f51d1f48ac.jpg]
[nonfungiblecrib.my.canva.site/media/444f5fe583f66d3e9a899e7326e28cc8.jpg]
[nonfungiblecrib.my.canva.site/media/05cd40a7b0c320963903a053f518a3aa.jpg]
[nonfungiblecrib.my.canva.site/media/687b51a40245ce1aefd2a598a8579e60.jpg]
[nonfungiblecrib.my.canva.site/media/56cd84bc54c6eea76c1d845d27788045.jpg]
[nonfungiblecrib.my.canva.site/media/d1d87a1948b37dccfadc55cc6a7a8981.svg]
[nonfungiblecrib.my.canva.site/index.html]
[nonfungiblecrib.my.canva.site/a0684b0780c739e9.vendor.ltr.css]
[nonfungiblecrib.my.canva.site/media/acaad91d959062197263ac0ce97d9edb.svg]
[nonfungiblecrib.my.canva.site/images/a9b8e7902ec1ab885d382156f33738e5.woff2]
[nonfungiblecrib.my.canva.site/images/013277426f0d555d96c7a75503df5754.woff]
[nonfungiblecrib.my.canva.site/images/d97a6ffa507b670a5b1664f98fc1183d.woff2]
[nonfungiblecrib.my.canva.site/images/1de7434d86166b0614ff3d61cda11a54.woff]
[nonfungiblecrib.my.canva.site/images/cff149ee1e9d2be50ac77bcd86769d05.woff2]
[nonfungiblecrib.my.canva.site/images/f93a5165fac252ecfd593929c4e6146f.woff]
[nonfungiblecrib.my.canva.site/images/621675e6be83f675d33562d2ff7a0f63.woff2]
[nonfungiblecrib.my.canva.site/images/762fe37b99d49707e783d6281412d12f.woff2]
[nonfungiblecrib.my.canva.site/images/d83221ee6a6841b17a754f68b6c5a3de.woff2]
[nonfungiblecrib.my.canva.site/images/e237b20d624e9275cdc02a523ab7f983.woff2]
[nonfungiblecrib.my.canva.site/images/3b5447850810ff964de17bcd37e03d5a.woff2]
[nonfungiblecrib.my.canva.site/images/a13025bc22c0d623507f155005c54563.woff2]
[nonfungiblecrib.my.canva.site/images/ad480883f297c3606af00979ee4c4483.woff]
[nonfungiblecrib.my.canva.site/images/477aad26d9a5a64609483931aa0a7a05.woff2]
[nonfungiblecrib.my.canva.site/images/0e2be7bf67e32755fd73a605a2afd13b.woff]
[nonfungiblecrib.my.canva.site/images/85b2d625d97d50571765987bbac33850.woff2]
[nonfungiblecrib.my.canva.site/images/3f03afd80eaf13ee58a7d0945b7d0963.woff]
[nonfungiblecrib.my.canva.site/images/02bba2de1b5f7fc3b564b21521e774d0.woff2]
[nonfungiblecrib.my.canva.site/images/163124370f3e2ded710887a156ab3fa3.woff]
[nonfungiblecrib.my.canva.site/images/0b41617d3a05bbbe23065ec719e26fd1.woff2]
[nonfungiblecrib.my.canva.site/images/650cef2d886ef4ca5c18d3c107546daf.woff]
[nonfungiblecrib.my.canva.site/images/d4b0974727cae80b9c6d087e56a9a4e4.woff2]
[nonfungiblecrib.my.canva.site/images/771cbf29ddc3145dda326afee4b10fb8.woff]
[nonfungiblecrib.my.canva.site/images/6c9b9f4b28322c7473667e0fc1690675.woff2]
[nonfungiblecrib.my.canva.site/images/79359a454d1de78942f3c2c687fc67ea.woff]
[nonfungiblecrib.my.canva.site/images/a8f52f1cd47135bfc86b1f313868708d.woff2]
[nonfungiblecrib.my.canva.site/images/e3e13973dcf74ace522a4b8ef447a7de.woff]
[nonfungiblecrib.my.canva.site/images/ca4237378da57e1e318978281e7fee60.woff2]
[nonfungiblecrib.my.canva.site/images/d7669ff2d0106ad99a7a55c4d540478c.woff]
[nonfungiblecrib.my.canva.site/images/d56fc13fe0dc1327dceed816b07dbec3.woff2]
[nonfungiblecrib.my.canva.site/images/311ec631b3b3a7f88c724351af8bcef4.woff]
[nonfungiblecrib.my.canva.site/images/c9972caeca3358fa2841a115105a8544.woff2]
[nonfungiblecrib.my.canva.site/images/c3a91206711602c9b5f54e9514244e64.woff]
[nonfungiblecrib.my.canva.site/images/dafb7fee1db6b7ae9b1184239b11acf5.woff2]
[nonfungiblecrib.my.canva.site/images/d6cbb5c42a1149e38e1fb7a238032bc8.woff]
[nonfungiblecrib.my.canva.site/images/964b01a520402dcf8405de90289c35f4.woff2]
[nonfungiblecrib.my.canva.site/images/4badd42f0e1cdba66ffbd5cc91aa4365.woff]
[nonfungiblecrib.my.canva.site/images/58cf708f2cc4d2b3bbf7e6add25f5c20.woff2]
[nonfungiblecrib.my.canva.site/images/4f9f09e9c9bc053cc21f7cf7f5590904.woff]
[nonfungiblecrib.my.canva.site/images/4bdcf0ce1296b448409c024e57fdcdb9.woff2]
[nonfungiblecrib.my.canva.site/images/005dabb12cdb5c5deabd1782c3ff196d.woff]
[nonfungiblecrib.my.canva.site/images/f4113bb9d3def37ca7f5c7cd2341ec33.woff2]
[nonfungiblecrib.my.canva.site/images/614a39a4813512a63e905b12dc5f41ba.woff]
[nonfungiblecrib.my.canva.site/images/5989cf357de7427311e30576891372df.woff2]
[nonfungiblecrib.my.canva.site/images/b3571e313b47ed988fc8429322af7677.woff]
[nonfungiblecrib.my.canva.site/images/5d050a324d95a6a18dae93e08c01bd6b.woff2]
[nonfungiblecrib.my.canva.site/images/08f3a04653878f9b2369ec3c327d7c46.woff]
[nonfungiblecrib.my.canva.site/images/87e22a62965f141aa08e93699b0b3527.jpg]
[nonfungiblecrib.my.canva.site/images/b46630e470f4040eba7033cf2435edce.woff]
[nonfungiblecrib.my.canva.site/images/e755c8eab4133359c241132063a279d0.woff2]
[nonfungiblecrib.my.canva.site/images/89ba4e29dc7a63cd15959a5bb068bb0e.woff]
[nonfungiblecrib.my.canva.site/images/0c4fa4c622644d97f38d201cba1d30f5.woff2]
[nonfungiblecrib.my.canva.site/images/a47b96672d775073beaf93b7e7ffff54.woff2]
[nonfungiblecrib.my.canva.site/images/7aed216c4e61d12ee639b0b758037c5d.woff2]
[nonfungiblecrib.my.canva.site/images/eafec10d3f23f994fb6dc59545035460.woff2]
[nonfungiblecrib.my.canva.site/images/6923b1967484e2b12e1016fb33061791.woff2]
[nonfungiblecrib.my.canva.site/images/ff9d619b59f5cb3529b100448f398ac5.woff2]
[nonfungiblecrib.my.canva.site/3fb7aa80ff4ac209.ltr.css]
[nonfungiblecrib.my.canva.site/static_font_4.ltr.css]
[nonfungiblecrib.my.canva.site/media/72b99e4883e0ca9ffeabfc4f8b0088f0.svg]
[nonfungiblecrib.my.canva.site/media/ed298192d8b3b3e61aab181b44783190.svg]
[nonfungiblecrib.my.canva.site/media/c94c52a78ff29f4546eabfad4059e7a7.svg]
[nonfungiblecrib.my.canva.site/media/73d65eb9afe3d916d0999d64d9236d06.svg]
[nonfungiblecrib.my.canva.site/media/3acbf7152d571100f63c8e926f655d9e.svg]
[nonfungiblecrib.my.canva.site/media/a47653534913038cec3edd00fae763ad.svg]
[nonfungiblecrib.my.canva.site/media/a2842f583b94a2c09a4d33976e081f3b.svg]
[nonfungiblecrib.my.canva.site/media/0a16bba9a02ab6914e221569a2f4f972.svg]
[nonfungiblecrib.my.canva.site/media/8bd9a4a98338970a433050b9cd828ffc.svg]
[nonfungiblecrib.my.canva.site/media/d1d87a1948b37dccfadc55cc6a7a8981.svg]
[nonfungiblecrib.my.canva.site/media/acaad91d959062197263ac0ce97d9edb.svg]
